MODEL TRAINING RESULTS
======================================================================
Total execution time: 58.8s
Successful: 5/12


0linearRegression: success
  Time: 1.2s
  Error:
D:\Project\Kaggle\house-prices-starter\utils\checks.py:430: UserWarning: [LinearRegression] Predictions in log scale have suspicious range: min=10.84, max=268.52
  warnings.warn(


10blendingModel: failed
  Time: 1.1s
  Error:
Traceback (most recent call last):
  File "<string>", line 8, in <module>
  File "D:\Project\Kaggle\house-prices-starter\notebooks\Models\10blendingModel.py", line 282, in <module>
    main(optimize_weights=True)
  File "D:\Project\Kaggle\house-prices-starter\notebooks\Models\10blendingModel.py", line 216, in main
    predictions = load_predictions(cfg)
                  ^^^^^^^^^^^^^^^^^^^^^
  File "D:\Project\Kaggle\house-prices-starter\notebooks\Models\10blendingModel.py", line 154, in load_predictions
    raise FileNotFoundError("No prediction files found in submissions directory.")
FileNotFoundError: No prediction files found in submissions directory.


11stackingModel: failed
  Time: 4.0s
  Error:
Traceback (most recent call last):
  File "<string>", line 8, in <module>
  File "D:\Project\Kaggle\house-prices-starter\notebooks\Models\11stackingModel.py", line 108, in <module>
    model.fit(X_train, y_train)
  File "D:\Project\Kaggle\house-prices-starter\.venv\Lib\site-packages\xgboost\core.py", line 774, in inner_f
    return func(**kwargs)
           ^^^^^^^^^^^^^^
  File "D:\Project\Kaggle\house-prices-starter\.venv\Lib\site-packages\xgboost\sklearn.py", line 1343, in fit
    train_dmatrix, evals = _wrap_evaluation_matrices(
                           ^^^^^^^^^^^^^^^^^^^^^^^^^^
  File "D:\Project\Kaggle\house-prices-starter\.venv\Lib\site-packages\xgboost\sklearn.py", line 702, in _wrap_evaluation_matrices
    train_dmatrix = create_dmatrix(
                    ^^^^^^^^^^^^^^^
  File "D:\Project\Kaggle\house-prices-starter\.venv\Lib\site-packages\xgboost\sklearn.py", line 1257, in _create_dmatrix
    return QuantileDMatrix(
           ^^^^^^^^^^^^^^^^
  File "D:\Project\Kaggle\house-prices-starter\.venv\Lib\site-packages\xgboost\core.py", line 774, in inner_f
    return func(**kwargs)
           ^^^^^^^^^^^^^^
  File "D:\Project\Kaggle\house-prices-starter\.venv\Lib\site-packages\xgboost\core.py", line 1768, in __init__
    self._init(
  File "D:\Project\Kaggle\house-prices-starter\.venv\Lib\site-packages\xgboost\core.py", line 1832, in _init
    it.reraise()
  File "D:\Project\Kaggle\house-prices-starter\.venv\Lib\site-packages\xgboost\core.py", line 617, in reraise
    raise exc  # pylint: disable=raising-bad-type
    ^^^^^^^^^
  File "D:\Project\Kaggle\house-prices-starter\.venv\Lib\site-packages\xgboost\core.py", line 598, in _handle_exception
    return fn()
           ^^^^
  File "D:\Project\Kaggle\house-prices-starter\.venv\Lib\site-packages\xgboost\core.py", line 685, in <lambda>
    return self._handle_exception(lambda: int(self.next(input_data)), 0)
                                              ^^^^^^^^^^^^^^^^^^^^^
  File "D:\Project\Kaggle\house-prices-starter\.venv\Lib\site-packages\xgboost\data.py", line 1632, in next
    input_data(**self.kwargs)
  File "D:\Project\Kaggle\house-prices-starter\.venv\Lib\site-packages\xgboost\core.py", line 774, in inner_f
    return func(**kwargs)
           ^^^^^^^^^^^^^^
  File "D:\Project\Kaggle\house-prices-starter\.venv\Lib\site-packages\xgboost\core.py", line 665, in input_data
    new, feature_names, feature_types = _proxy_transform(
                                        ^^^^^^^^^^^^^^^^^
  File "D:\Project\Kaggle\house-prices-starter\.venv\Lib\site-packages\xgboost\data.py", line 1659, in _proxy_transform
    data, _ = _ensure_np_dtype(data, data.dtype)
              ^^^^^^^^^^^^^^^^^^^^^^^^^^^^^^^^^^
  File "D:\Project\Kaggle\house-prices-starter\.venv\Lib\site-packages\xgboost\_data_utils.py", line 384, in _ensure_np_dtype
    data = data.astype(dtype, copy=False)
           ^^^^^^^^^^^^^^^^^^^^^^^^^^^^^^
ValueError: could not convert string to float: 'CollgCr'


1linearRegUpdated: success
  Time: 1.5s

2ridgeModel: success
  Time: 4.4s
  Error:
D:\Project\Kaggle\house-prices-starter\utils\checks.py:430: UserWarning: [Ridge] Predictions in log scale have suspicious range: min=10.69, max=271.18
  warnings.warn(


3lassoModel: success
  Time: 4.5s

4elasticNetModel: success
  Time: 35.7s
  Error:
D:\Project\Kaggle\house-prices-starter\utils\checks.py:430: UserWarning: [ElasticNet] Predictions in log scale have suspicious range: min=10.59, max=174.78
  warnings.warn(


5randomForestModel: failed
  Time: 1.4s
  Error:
Traceback (most recent call last):
  File "<string>", line 8, in <module>
  File "D:\Project\Kaggle\house-prices-starter\notebooks\Models\5randomForestModel.py", line 11, in <module>
    from utils.optimization import run_optuna_study
  File "D:\Project\Kaggle\house-prices-starter\utils\optimization.py", line 2, in <module>
    import optuna
ModuleNotFoundError: No module named 'optuna'


6svrModel: failed
  Time: 1.2s
  Error:
Traceback (most recent call last):
  File "<string>", line 8, in <module>
  File "D:\Project\Kaggle\house-prices-starter\notebooks\Models\6svrModel.py", line 11, in <module>
    from utils.optimization import run_optuna_study
  File "D:\Project\Kaggle\house-prices-starter\utils\optimization.py", line 2, in <module>
    import optuna
ModuleNotFoundError: No module named 'optuna'


7XGBoostModel: failed
  Time: 1.1s
  Error:
Traceback (most recent call last):
  File "<string>", line 8, in <module>
  File "D:\Project\Kaggle\house-prices-starter\notebooks\Models\7XGBoostModel.py", line 12, in <module>
    from utils.optimization import run_optuna_study
  File "D:\Project\Kaggle\house-prices-starter\utils\optimization.py", line 2, in <module>
    import optuna
ModuleNotFoundError: No module named 'optuna'


8lightGbmModel: failed
  Time: 1.2s
  Error:
Traceback (most recent call last):
  File "<string>", line 8, in <module>
  File "D:\Project\Kaggle\house-prices-starter\notebooks\Models\8lightGbmModel.py", line 12, in <module>
    from utils.optimization import run_optuna_study
  File "D:\Project\Kaggle\house-prices-starter\utils\optimization.py", line 2, in <module>
    import optuna
ModuleNotFoundError: No module named 'optuna'


9catBoostModel: failed
  Time: 1.5s
  Error:
Traceback (most recent call last):
  File "<string>", line 8, in <module>
  File "D:\Project\Kaggle\house-prices-starter\notebooks\Models\9catBoostModel.py", line 12, in <module>
    from utils.optimization import run_optuna_study
  File "D:\Project\Kaggle\house-prices-starter\utils\optimization.py", line 2, in <module>
    import optuna
ModuleNotFoundError: No module named 'optuna'

